{"/Users/darrenmarcusroryeastman/software-projects/github_projects/codecov-demo/web/static/js/calculator.js": {"path":"/Users/darrenmarcusroryeastman/software-projects/github_projects/codecov-demo/web/static/js/calculator.js","statementMap":{"0":{"start":{"line":3,"column":4},"end":{"line":3,"column":64}},"1":{"start":{"line":4,"column":4},"end":{"line":4,"column":62}},"2":{"start":{"line":5,"column":4},"end":{"line":5,"column":16}},"3":{"start":{"line":9,"column":4},"end":{"line":9,"column":28}},"4":{"start":{"line":10,"column":4},"end":{"line":10,"column":29}},"5":{"start":{"line":11,"column":4},"end":{"line":11,"column":30}},"6":{"start":{"line":12,"column":4},"end":{"line":12,"column":28}},"7":{"start":{"line":16,"column":4},"end":{"line":16,"column":69}},"8":{"start":{"line":20,"column":4},"end":{"line":20,"column":34}},"9":{"start":{"line":20,"column":28},"end":{"line":20,"column":34}},"10":{"start":{"line":21,"column":4},"end":{"line":21,"column":67}},"11":{"start":{"line":21,"column":61},"end":{"line":21,"column":67}},"12":{"start":{"line":22,"column":4},"end":{"line":22,"column":76}},"13":{"start":{"line":26,"column":4},"end":{"line":26,"column":34}},"14":{"start":{"line":26,"column":28},"end":{"line":26,"column":34}},"15":{"start":{"line":27,"column":4},"end":{"line":27,"column":42}},"16":{"start":{"line":27,"column":36},"end":{"line":27,"column":42}},"17":{"start":{"line":28,"column":4},"end":{"line":30,"column":5}},"18":{"start":{"line":29,"column":6},"end":{"line":29,"column":20}},"19":{"start":{"line":31,"column":4},"end":{"line":31,"column":30}},"20":{"start":{"line":32,"column":4},"end":{"line":32,"column":46}},"21":{"start":{"line":33,"column":4},"end":{"line":33,"column":28}},"22":{"start":{"line":37,"column":4},"end":{"line":39,"column":5}},"23":{"start":{"line":38,"column":6},"end":{"line":38,"column":13}},"24":{"start":{"line":41,"column":17},"end":{"line":41,"column":49}},"25":{"start":{"line":42,"column":20},"end":{"line":42,"column":51}},"26":{"start":{"line":43,"column":4},"end":{"line":43,"column":45}},"27":{"start":{"line":43,"column":39},"end":{"line":43,"column":45}},"28":{"start":{"line":46,"column":4},"end":{"line":61,"column":5}},"29":{"start":{"line":48,"column":8},"end":{"line":48,"column":25}},"30":{"start":{"line":49,"column":8},"end":{"line":49,"column":13}},"31":{"start":{"line":51,"column":8},"end":{"line":51,"column":30}},"32":{"start":{"line":52,"column":8},"end":{"line":52,"column":13}},"33":{"start":{"line":54,"column":8},"end":{"line":54,"column":30}},"34":{"start":{"line":55,"column":8},"end":{"line":55,"column":13}},"35":{"start":{"line":57,"column":8},"end":{"line":57,"column":28}},"36":{"start":{"line":58,"column":8},"end":{"line":58,"column":13}},"37":{"start":{"line":60,"column":8},"end":{"line":60,"column":14}},"38":{"start":{"line":62,"column":4},"end":{"line":62,"column":27}},"39":{"start":{"line":66,"column":21},"end":{"line":76,"column":6}},"40":{"start":{"line":77,"column":4},"end":{"line":79,"column":5}},"41":{"start":{"line":78,"column":6},"end":{"line":78,"column":51}},"42":{"start":{"line":80,"column":4},"end":{"line":80,"column":48}},"43":{"start":{"line":81,"column":4},"end":{"line":81,"column":31}},"44":{"start":{"line":82,"column":4},"end":{"line":82,"column":30}},"45":{"start":{"line":83,"column":4},"end":{"line":83,"column":25}},"46":{"start":{"line":87,"column":25},"end":{"line":87,"column":42}},"47":{"start":{"line":88,"column":26},"end":{"line":88,"column":64}},"48":{"start":{"line":89,"column":26},"end":{"line":89,"column":52}},"49":{"start":{"line":91,"column":4},"end":{"line":98,"column":5}},"50":{"start":{"line":92,"column":6},"end":{"line":92,"column":36}},"51":{"start":{"line":93,"column":6},"end":{"line":95,"column":7}},"52":{"start":{"line":94,"column":8},"end":{"line":94,"column":34}},"53":{"start":{"line":97,"column":6},"end":{"line":97,"column":87}},"54":{"start":{"line":99,"column":4},"end":{"line":103,"column":5}},"55":{"start":{"line":100,"column":6},"end":{"line":100,"column":49}},"56":{"start":{"line":102,"column":6},"end":{"line":102,"column":27}},"57":{"start":{"line":107,"column":4},"end":{"line":108,"column":48}},"58":{"start":{"line":109,"column":4},"end":{"line":114,"column":5}},"59":{"start":{"line":110,"column":6},"end":{"line":111,"column":74}},"60":{"start":{"line":113,"column":6},"end":{"line":113,"column":52}}},"fnMap":{"0":{"name":"(anonymous_0)","decl":{"start":{"line":2,"column":2},"end":{"line":2,"column":3}},"loc":{"start":{"line":2,"column":69},"end":{"line":6,"column":3}},"line":2},"1":{"name":"(anonymous_1)","decl":{"start":{"line":8,"column":2},"end":{"line":8,"column":3}},"loc":{"start":{"line":8,"column":10},"end":{"line":13,"column":3}},"line":8},"2":{"name":"(anonymous_2)","decl":{"start":{"line":15,"column":2},"end":{"line":15,"column":3}},"loc":{"start":{"line":15,"column":11},"end":{"line":17,"column":3}},"line":15},"3":{"name":"(anonymous_3)","decl":{"start":{"line":19,"column":2},"end":{"line":19,"column":3}},"loc":{"start":{"line":19,"column":23},"end":{"line":23,"column":3}},"line":19},"4":{"name":"(anonymous_4)","decl":{"start":{"line":25,"column":2},"end":{"line":25,"column":3}},"loc":{"start":{"line":25,"column":29},"end":{"line":34,"column":3}},"line":25},"5":{"name":"(anonymous_5)","decl":{"start":{"line":36,"column":2},"end":{"line":36,"column":3}},"loc":{"start":{"line":36,"column":12},"end":{"line":63,"column":3}},"line":36},"6":{"name":"(anonymous_6)","decl":{"start":{"line":65,"column":2},"end":{"line":65,"column":3}},"loc":{"start":{"line":65,"column":27},"end":{"line":84,"column":3}},"line":65},"7":{"name":"(anonymous_7)","decl":{"start":{"line":86,"column":2},"end":{"line":86,"column":3}},"loc":{"start":{"line":86,"column":27},"end":{"line":104,"column":3}},"line":86},"8":{"name":"(anonymous_8)","decl":{"start":{"line":106,"column":2},"end":{"line":106,"column":3}},"loc":{"start":{"line":106,"column":18},"end":{"line":115,"column":3}},"line":106}},"branchMap":{"0":{"loc":{"start":{"line":20,"column":4},"end":{"line":20,"column":34}},"type":"if","locations":[{"start":{"line":20,"column":4},"end":{"line":20,"column":34}},{"start":{},"end":{}}],"line":20},"1":{"loc":{"start":{"line":21,"column":4},"end":{"line":21,"column":67}},"type":"if","locations":[{"start":{"line":21,"column":4},"end":{"line":21,"column":67}},{"start":{},"end":{}}],"line":21},"2":{"loc":{"start":{"line":21,"column":8},"end":{"line":21,"column":59}},"type":"binary-expr","locations":[{"start":{"line":21,"column":8},"end":{"line":21,"column":22}},{"start":{"line":21,"column":26},"end":{"line":21,"column":59}}],"line":21},"3":{"loc":{"start":{"line":26,"column":4},"end":{"line":26,"column":34}},"type":"if","locations":[{"start":{"line":26,"column":4},"end":{"line":26,"column":34}},{"start":{},"end":{}}],"line":26},"4":{"loc":{"start":{"line":27,"column":4},"end":{"line":27,"column":42}},"type":"if","locations":[{"start":{"line":27,"column":4},"end":{"line":27,"column":42}},{"start":{},"end":{}}],"line":27},"5":{"loc":{"start":{"line":28,"column":4},"end":{"line":30,"column":5}},"type":"if","locations":[{"start":{"line":28,"column":4},"end":{"line":30,"column":5}},{"start":{},"end":{}}],"line":28},"6":{"loc":{"start":{"line":37,"column":4},"end":{"line":39,"column":5}},"type":"if","locations":[{"start":{"line":37,"column":4},"end":{"line":39,"column":5}},{"start":{},"end":{}}],"line":37},"7":{"loc":{"start":{"line":43,"column":4},"end":{"line":43,"column":45}},"type":"if","locations":[{"start":{"line":43,"column":4},"end":{"line":43,"column":45}},{"start":{},"end":{}}],"line":43},"8":{"loc":{"start":{"line":43,"column":8},"end":{"line":43,"column":37}},"type":"binary-expr","locations":[{"start":{"line":43,"column":8},"end":{"line":43,"column":19}},{"start":{"line":43,"column":23},"end":{"line":43,"column":37}}],"line":43},"9":{"loc":{"start":{"line":46,"column":4},"end":{"line":61,"column":5}},"type":"switch","locations":[{"start":{"line":47,"column":6},"end":{"line":49,"column":13}},{"start":{"line":50,"column":6},"end":{"line":52,"column":13}},{"start":{"line":53,"column":6},"end":{"line":55,"column":13}},{"start":{"line":56,"column":6},"end":{"line":58,"column":13}},{"start":{"line":59,"column":6},"end":{"line":60,"column":14}}],"line":46},"10":{"loc":{"start":{"line":77,"column":4},"end":{"line":79,"column":5}},"type":"if","locations":[{"start":{"line":77,"column":4},"end":{"line":79,"column":5}},{"start":{},"end":{}}],"line":77},"11":{"loc":{"start":{"line":91,"column":4},"end":{"line":98,"column":5}},"type":"if","locations":[{"start":{"line":91,"column":4},"end":{"line":98,"column":5}},{"start":{"line":96,"column":11},"end":{"line":98,"column":5}}],"line":91},"12":{"loc":{"start":{"line":93,"column":6},"end":{"line":95,"column":7}},"type":"if","locations":[{"start":{"line":93,"column":6},"end":{"line":95,"column":7}},{"start":{},"end":{}}],"line":93},"13":{"loc":{"start":{"line":99,"column":4},"end":{"line":103,"column":5}},"type":"if","locations":[{"start":{"line":99,"column":4},"end":{"line":103,"column":5}},{"start":{"line":101,"column":11},"end":{"line":103,"column":5}}],"line":99},"14":{"loc":{"start":{"line":109,"column":4},"end":{"line":114,"column":5}},"type":"if","locations":[{"start":{"line":109,"column":4},"end":{"line":114,"column":5}},{"start":{"line":112,"column":11},"end":{"line":114,"column":5}}],"line":109}},"s":{"0":3,"1":3,"2":3,"3":4,"4":4,"5":4,"6":4,"7":1,"8":4,"9":0,"10":4,"11":0,"12":4,"13":0,"14":0,"15":0,"16":0,"17":0,"18":0,"19":0,"20":0,"21":0,"22":0,"23":0,"24":0,"25":0,"26":0,"27":0,"28":0,"29":0,"30":0,"31":0,"32":0,"33":0,"34":0,"35":0,"36":0,"37":0,"38":0,"39":0,"40":0,"41":0,"42":0,"43":0,"44":0,"45":0,"46":0,"47":0,"48":0,"49":0,"50":0,"51":0,"52":0,"53":0,"54":0,"55":0,"56":0,"57":0,"58":0,"59":0,"60":0},"f":{"0":3,"1":4,"2":1,"3":4,"4":0,"5":0,"6":0,"7":0,"8":0},"b":{"0":[0,4],"1":[0,4],"2":[4,0],"3":[0,0],"4":[0,0],"5":[0,0],"6":[0,0],"7":[0,0],"8":[0,0],"9":[0,0,0,0,0],"10":[0,0],"11":[0,0],"12":[0,0],"13":[0,0],"14":[0,0]},"_coverageSchema":"1a1c01bbd47fc00a2c39e90264f33305004495a9","hash":"30a1d8b38f62f3b78d702be8a13bd8d0a82ffc7d"}
}
